/*C3*/SET SCHEMA PUBLIC
DISCONNECT
/*C5*/SET SCHEMA PUBLIC
DISCONNECT
/*C7*/SET SCHEMA PUBLIC
DISCONNECT
/*C8*/SET SCHEMA PUBLIC
create table Autor (oid varchar(32) not null, nombre varchar(50), primary key (oid))
alter table Cliente add column codigoPostal integer
alter table Cliente add column municipio varchar(20)
create table DocumentoComercial (DTYPE varchar(31) not null, oid varchar(32) not null, anyo integer, fecha date, importeTotal numeric(19,2), iva numeric(19,2), numero integer, observaciones varchar(255), porcentajeIVA numeric(2,0), cliente_numero integer not null, factura_oid varchar(32), primary key (oid))
create table DocumentoComercial_detalles (DocumentoComercial_oid varchar(32) not null, cantidad integer not null, precioPorUnidad numeric(19,2), producto_numero integer)
alter table Producto add column fotos varchar(32)
alter table Producto add column observaciones varchar(255)
alter table Producto add column autor_oid varchar(32)
alter table DocumentoComercial add constraint FKqxvhhtdl5x1bljcimyej4mksx foreign key (cliente_numero) references Cliente
alter table DocumentoComercial add constraint FK4lhtu14i3f0y8m4ohuxww2b48 foreign key (factura_oid) references DocumentoComercial
alter table DocumentoComercial_detalles add constraint FKgyn78bk9nimdbk5uxm7ioiib1 foreign key (producto_numero) references Producto
alter table DocumentoComercial_detalles add constraint FKq37xaecvr7po697tmegcffoba foreign key (DocumentoComercial_oid) references DocumentoComercial
alter table Producto add constraint FKmtkejrnklbkimttu99b9jqufw foreign key (autor_oid) references Autor
